# JRE version: Java(TM) SE Runtime Environment 18.9 (11.0.12+8) (build 11.0.12+8-LTS-237)
# Java VM: Java HotSpot(TM) 64-Bit Server VM 18.9 (11.0.12+8-LTS-237, mixed mode, tiered, compressed oops, g1 gc, windows-amd64)
Heap:
 garbage-first heap   total 99328K, used 61746K [0x0000000084a00000, 0x0000000100000000)
  region size 1024K, 25 young (25600K), 5 survivors (5120K)
 Metaspace       used 83171K, capacity 85952K, committed 86056K, reserved 1124352K
  class space    used 10710K, capacity 11738K, committed 11820K, reserved 1048576K
GC Heap History (10 events):
Event: 178.787 GC heap after
{Heap after GC invocations=45 (full 4):
 garbage-first heap   total 99328K, used 36099K [0x0000000084a00000, 0x0000000100000000)
  region size 1024K, 3 young (3072K), 3 survivors (3072K)
 Metaspace       used 82191K, capacity 84907K, committed 85160K, reserved 1122304K
  class space    used 10642K, capacity 11658K, committed 11692K, reserved 1048576K
}
Event: 179.035 GC heap before
{Heap before GC invocations=45 (full 4):
 garbage-first heap   total 99328K, used 79107K [0x0000000084a00000, 0x0000000100000000)
  region size 1024K, 46 young (47104K), 3 survivors (3072K)
 Metaspace       used 82299K, capacity 85067K, committed 85288K, reserved 1122304K
  class space    used 10654K, capacity 11690K, committed 11820K, reserved 1048576K
}
Event: 179.043 GC heap after
{Heap after GC invocations=46 (full 4):
 garbage-first heap   total 99328K, used 37412K [0x0000000084a00000, 0x0000000100000000)
  region size 1024K, 5 young (5120K), 5 survivors (5120K)
 Metaspace       used 82299K, capacity 85067K, committed 85288K, reserved 1122304K
  class space    used 10654K, capacity 11690K, committed 11820K, reserved 1048576K
}
Event: 179.279 GC heap before
{Heap before GC invocations=46 (full 4):
 garbage-first heap   total 99328K, used 80420K [0x0000000084a00000, 0x0000000100000000)
  region size 1024K, 47 young (48128K), 5 survivors (5120K)
 Metaspace       used 82405K, capacity 85131K, committed 85544K, reserved 1122304K
  class space    used 10659K, capacity 11690K, committed 11820K, reserved 1048576K
}
Event: 179.286 GC heap after
{Heap after GC invocations=47 (full 4):
 garbage-first heap   total 99328K, used 38981K [0x0000000084a00000, 0x0000000100000000)
  region size 1024K, 4 young (4096K), 4 survivors (4096K)
 Metaspace       used 82405K, capacity 85131K, committed 85544K, reserved 1122304K
  class space    used 10659K, capacity 11690K, committed 11820K, reserved 1048576K
}
Event: 179.496 GC heap before
{Heap before GC invocations=47 (full 4):
 garbage-first heap   total 99328K, used 80965K [0x0000000084a00000, 0x0000000100000000)
  region size 1024K, 45 young (46080K), 4 survivors (4096K)
 Metaspace       used 82696K, capacity 85417K, committed 85800K, reserved 1124352K
  class space    used 10677K, capacity 11695K, committed 11820K, reserved 1048576K
}
Event: 179.501 GC heap after
{Heap after GC invocations=48 (full 4):
 garbage-first heap   total 99328K, used 39894K [0x0000000084a00000, 0x0000000100000000)
  region size 1024K, 4 young (4096K), 4 survivors (4096K)
 Metaspace       used 82696K, capacity 85417K, committed 85800K, reserved 1124352K
  class space    used 10677K, capacity 11695K, committed 11820K, reserved 1048576K
}
Event: 179.795 GC heap before
{Heap before GC invocations=48 (full 4):
 garbage-first heap   total 99328K, used 81878K [0x0000000084a00000, 0x0000000100000000)
  region size 1024K, 45 young (46080K), 4 survivors (4096K)
 Metaspace       used 83130K, capacity 85879K, committed 86056K, reserved 1124352K
  class space    used 10707K, capacity 11736K, committed 11820K, reserved 1048576K
}
Event: 179.799 GC heap after
{Heap after GC invocations=49 (full 4):
 garbage-first heap   total 99328K, used 41356K [0x0000000084a00000, 0x0000000100000000)
  region size 1024K, 5 young (5120K), 5 survivors (5120K)
 Metaspace       used 83130K, capacity 85879K, committed 86056K, reserved 1124352K
  class space    used 10707K, capacity 11736K, committed 11820K, reserved 1048576K
}
Event: 189.924 GC heap before
{Heap before GC invocations=49 (full 4):
 garbage-first heap   total 99328K, used 60812K [0x0000000084a00000, 0x0000000100000000)
  region size 1024K, 25 young (25600K), 5 survivors (5120K)
 Metaspace       used 83171K, capacity 85952K, committed 86056K, reserved 1124352K
  class space    used 10710K, capacity 11738K, committed 11820K, reserved 1048576K
}

